{"E:\\mybrand(backend)\\src\\server.js": {"path":"E:\\mybrand(backend)\\src\\server.js","statementMap":{"0":{"start":{"line":8,"column":12},"end":{"line":8,"column":21}},"1":{"start":{"line":9,"column":21},"end":{"line":9,"column":45}},"2":{"start":{"line":10,"column":18},"end":{"line":10,"column":47}},"3":{"start":{"line":11,"column":0},"end":{"line":11,"column":27}},"4":{"start":{"line":12,"column":0},"end":{"line":12,"column":46}},"5":{"start":{"line":13,"column":0},"end":{"line":13,"column":23}},"6":{"start":{"line":34,"column":0},"end":{"line":34,"column":30}},"7":{"start":{"line":36,"column":17},"end":{"line":36,"column":33}},"8":{"start":{"line":37,"column":0},"end":{"line":41,"column":5}},"9":{"start":{"line":40,"column":4},"end":{"line":40,"column":43}},"10":{"start":{"line":42,"column":13},"end":{"line":42,"column":37}},"11":{"start":{"line":43,"column":0},"end":{"line":47,"column":1}},"12":{"start":{"line":44,"column":2},"end":{"line":46,"column":5}},"13":{"start":{"line":45,"column":4},"end":{"line":45,"column":48}}},"fnMap":{"0":{"name":"(anonymous_0)","decl":{"start":{"line":39,"column":8},"end":{"line":39,"column":9}},"loc":{"start":{"line":39,"column":14},"end":{"line":41,"column":3}},"line":39},"1":{"name":"(anonymous_1)","decl":{"start":{"line":44,"column":19},"end":{"line":44,"column":20}},"loc":{"start":{"line":44,"column":25},"end":{"line":46,"column":3}},"line":44}},"branchMap":{"0":{"loc":{"start":{"line":42,"column":13},"end":{"line":42,"column":37}},"type":"binary-expr","locations":[{"start":{"line":42,"column":13},"end":{"line":42,"column":29}},{"start":{"line":42,"column":33},"end":{"line":42,"column":37}}],"line":42},"1":{"loc":{"start":{"line":43,"column":0},"end":{"line":47,"column":1}},"type":"if","locations":[{"start":{"line":43,"column":0},"end":{"line":47,"column":1}},{"start":{},"end":{}}],"line":43}},"s":{"0":1,"1":1,"2":1,"3":1,"4":1,"5":1,"6":1,"7":1,"8":1,"9":0,"10":1,"11":1,"12":0,"13":0},"f":{"0":0,"1":0},"b":{"0":[1,0],"1":[0,1]},"_coverageSchema":"1a1c01bbd47fc00a2c39e90264f33305004495a9","hash":"6ab5eb8dbc3224991f4523f1c1853fe451e47676"}
,"E:\\mybrand(backend)\\src\\config\\claudinary.js": {"path":"E:\\mybrand(backend)\\src\\config\\claudinary.js","statementMap":{"0":{"start":{"line":1,"column":19},"end":{"line":1,"column":43}},"1":{"start":{"line":3,"column":0},"end":{"line":7,"column":3}},"2":{"start":{"line":9,"column":0},"end":{"line":9,"column":37}}},"fnMap":{},"branchMap":{},"s":{"0":1,"1":1,"2":1},"f":{},"b":{},"_coverageSchema":"1a1c01bbd47fc00a2c39e90264f33305004495a9","hash":"e4be1e9a9a9bdad5048721ff5211a05a4c7d074c"}
,"E:\\mybrand(backend)\\src\\controllers\\blogController.js": {"path":"E:\\mybrand(backend)\\src\\controllers\\blogController.js","statementMap":{"0":{"start":{"line":4,"column":26},"end":{"line":4,"column":43}},"1":{"start":{"line":5,"column":26},"end":{"line":5,"column":43}},"2":{"start":{"line":6,"column":26},"end":{"line":6,"column":43}},"3":{"start":{"line":7,"column":29},"end":{"line":7,"column":49}},"4":{"start":{"line":8,"column":24},"end":{"line":8,"column":41}}},"fnMap":{},"branchMap":{},"s":{"0":1,"1":1,"2":1,"3":1,"4":1},"f":{},"b":{},"_coverageSchema":"1a1c01bbd47fc00a2c39e90264f33305004495a9","hash":"5d6ed5312a1799a889ef9a018aa079016d6ae4a4"}
,"E:\\mybrand(backend)\\src\\controllers\\globalControllers.js": {"path":"E:\\mybrand(backend)\\src\\controllers\\globalControllers.js","statementMap":{"0":{"start":{"line":7,"column":22},"end":{"line":39,"column":1}},"1":{"start":{"line":7,"column":33},"end":{"line":39,"column":1}},"2":{"start":{"line":8,"column":16},"end":{"line":8,"column":24}},"3":{"start":{"line":9,"column":2},"end":{"line":38,"column":3}},"4":{"start":{"line":10,"column":4},"end":{"line":10,"column":47}},"5":{"start":{"line":11,"column":4},"end":{"line":35,"column":5}},"6":{"start":{"line":12,"column":21},"end":{"line":12,"column":23}},"7":{"start":{"line":13,"column":6},"end":{"line":17,"column":7}},"8":{"start":{"line":14,"column":22},"end":{"line":14,"column":44}},"9":{"start":{"line":15,"column":8},"end":{"line":15,"column":29}},"10":{"start":{"line":16,"column":8},"end":{"line":16,"column":33}},"11":{"start":{"line":18,"column":19},"end":{"line":18,"column":46}},"12":{"start":{"line":20,"column":6},"end":{"line":26,"column":7}},"13":{"start":{"line":21,"column":8},"end":{"line":25,"column":10}},"14":{"start":{"line":27,"column":6},"end":{"line":32,"column":8}},"15":{"start":{"line":34,"column":6},"end":{"line":34,"column":63}},"16":{"start":{"line":37,"column":4},"end":{"line":37,"column":32}},"17":{"start":{"line":41,"column":22},"end":{"line":51,"column":1}},"18":{"start":{"line":41,"column":33},"end":{"line":51,"column":1}},"19":{"start":{"line":42,"column":2},"end":{"line":50,"column":3}},"20":{"start":{"line":43,"column":17},"end":{"line":43,"column":35}},"21":{"start":{"line":44,"column":4},"end":{"line":46,"column":5}},"22":{"start":{"line":45,"column":6},"end":{"line":45,"column":70}},"23":{"start":{"line":47,"column":4},"end":{"line":47,"column":68}},"24":{"start":{"line":49,"column":4},"end":{"line":49,"column":23}},"25":{"start":{"line":53,"column":22},"end":{"line":63,"column":1}},"26":{"start":{"line":53,"column":33},"end":{"line":63,"column":1}},"27":{"start":{"line":54,"column":2},"end":{"line":62,"column":3}},"28":{"start":{"line":55,"column":17},"end":{"line":55,"column":52}},"29":{"start":{"line":56,"column":4},"end":{"line":58,"column":5}},"30":{"start":{"line":57,"column":6},"end":{"line":57,"column":70}},"31":{"start":{"line":59,"column":4},"end":{"line":59,"column":68}},"32":{"start":{"line":61,"column":4},"end":{"line":61,"column":23}},"33":{"start":{"line":67,"column":22},"end":{"line":79,"column":1}},"34":{"start":{"line":67,"column":33},"end":{"line":79,"column":1}},"35":{"start":{"line":68,"column":2},"end":{"line":78,"column":3}},"36":{"start":{"line":69,"column":17},"end":{"line":71,"column":6}},"37":{"start":{"line":72,"column":4},"end":{"line":74,"column":5}},"38":{"start":{"line":73,"column":6},"end":{"line":73,"column":70}},"39":{"start":{"line":75,"column":4},"end":{"line":75,"column":68}},"40":{"start":{"line":77,"column":4},"end":{"line":77,"column":23}},"41":{"start":{"line":83,"column":25},"end":{"line":93,"column":1}},"42":{"start":{"line":83,"column":36},"end":{"line":93,"column":1}},"43":{"start":{"line":84,"column":2},"end":{"line":92,"column":3}},"44":{"start":{"line":85,"column":17},"end":{"line":85,"column":61}},"45":{"start":{"line":86,"column":4},"end":{"line":88,"column":5}},"46":{"start":{"line":87,"column":6},"end":{"line":87,"column":70}},"47":{"start":{"line":89,"column":4},"end":{"line":89,"column":68}},"48":{"start":{"line":91,"column":4},"end":{"line":91,"column":23}}},"fnMap":{"0":{"name":"(anonymous_0)","decl":{"start":{"line":7,"column":22},"end":{"line":7,"column":23}},"loc":{"start":{"line":7,"column":33},"end":{"line":39,"column":1}},"line":7},"1":{"name":"(anonymous_1)","decl":{"start":{"line":7,"column":33},"end":{"line":7,"column":34}},"loc":{"start":{"line":7,"column":59},"end":{"line":39,"column":1}},"line":7},"2":{"name":"(anonymous_2)","decl":{"start":{"line":41,"column":22},"end":{"line":41,"column":23}},"loc":{"start":{"line":41,"column":33},"end":{"line":51,"column":1}},"line":41},"3":{"name":"(anonymous_3)","decl":{"start":{"line":41,"column":33},"end":{"line":41,"column":34}},"loc":{"start":{"line":41,"column":59},"end":{"line":51,"column":1}},"line":41},"4":{"name":"(anonymous_4)","decl":{"start":{"line":53,"column":22},"end":{"line":53,"column":23}},"loc":{"start":{"line":53,"column":33},"end":{"line":63,"column":1}},"line":53},"5":{"name":"(anonymous_5)","decl":{"start":{"line":53,"column":33},"end":{"line":53,"column":34}},"loc":{"start":{"line":53,"column":59},"end":{"line":63,"column":1}},"line":53},"6":{"name":"(anonymous_6)","decl":{"start":{"line":67,"column":22},"end":{"line":67,"column":23}},"loc":{"start":{"line":67,"column":33},"end":{"line":79,"column":1}},"line":67},"7":{"name":"(anonymous_7)","decl":{"start":{"line":67,"column":33},"end":{"line":67,"column":34}},"loc":{"start":{"line":67,"column":59},"end":{"line":79,"column":1}},"line":67},"8":{"name":"(anonymous_8)","decl":{"start":{"line":83,"column":25},"end":{"line":83,"column":26}},"loc":{"start":{"line":83,"column":36},"end":{"line":93,"column":1}},"line":83},"9":{"name":"(anonymous_9)","decl":{"start":{"line":83,"column":36},"end":{"line":83,"column":37}},"loc":{"start":{"line":83,"column":62},"end":{"line":93,"column":1}},"line":83}},"branchMap":{"0":{"loc":{"start":{"line":11,"column":4},"end":{"line":35,"column":5}},"type":"if","locations":[{"start":{"line":11,"column":4},"end":{"line":35,"column":5}},{"start":{"line":33,"column":11},"end":{"line":35,"column":5}}],"line":11},"1":{"loc":{"start":{"line":13,"column":6},"end":{"line":17,"column":7}},"type":"if","locations":[{"start":{"line":13,"column":6},"end":{"line":17,"column":7}},{"start":{},"end":{}}],"line":13},"2":{"loc":{"start":{"line":20,"column":6},"end":{"line":26,"column":7}},"type":"if","locations":[{"start":{"line":20,"column":6},"end":{"line":26,"column":7}},{"start":{},"end":{}}],"line":20},"3":{"loc":{"start":{"line":44,"column":4},"end":{"line":46,"column":5}},"type":"if","locations":[{"start":{"line":44,"column":4},"end":{"line":46,"column":5}},{"start":{},"end":{}}],"line":44},"4":{"loc":{"start":{"line":56,"column":4},"end":{"line":58,"column":5}},"type":"if","locations":[{"start":{"line":56,"column":4},"end":{"line":58,"column":5}},{"start":{},"end":{}}],"line":56},"5":{"loc":{"start":{"line":72,"column":4},"end":{"line":74,"column":5}},"type":"if","locations":[{"start":{"line":72,"column":4},"end":{"line":74,"column":5}},{"start":{},"end":{}}],"line":72},"6":{"loc":{"start":{"line":86,"column":4},"end":{"line":88,"column":5}},"type":"if","locations":[{"start":{"line":86,"column":4},"end":{"line":88,"column":5}},{"start":{},"end":{}}],"line":86}},"s":{"0":1,"1":3,"2":0,"3":0,"4":0,"5":0,"6":0,"7":0,"8":0,"9":0,"10":0,"11":0,"12":0,"13":0,"14":0,"15":0,"16":0,"17":1,"18":3,"19":0,"20":0,"21":0,"22":0,"23":0,"24":0,"25":1,"26":3,"27":0,"28":0,"29":0,"30":0,"31":0,"32":0,"33":1,"34":3,"35":0,"36":0,"37":0,"38":0,"39":0,"40":0,"41":1,"42":3,"43":0,"44":0,"45":0,"46":0,"47":0,"48":0},"f":{"0":3,"1":0,"2":3,"3":0,"4":3,"5":0,"6":3,"7":0,"8":3,"9":0},"b":{"0":[0,0],"1":[0,0],"2":[0,0],"3":[0,0],"4":[0,0],"5":[0,0],"6":[0,0]},"_coverageSchema":"1a1c01bbd47fc00a2c39e90264f33305004495a9","hash":"29166c87580a74630ebe7bae5cc1a9c46cdd826e"}
,"E:\\mybrand(backend)\\src\\controllers\\messageController.js": {"path":"E:\\mybrand(backend)\\src\\controllers\\messageController.js","statementMap":{"0":{"start":{"line":3,"column":26},"end":{"line":3,"column":46}},"1":{"start":{"line":4,"column":29},"end":{"line":4,"column":49}},"2":{"start":{"line":5,"column":29},"end":{"line":5,"column":49}},"3":{"start":{"line":6,"column":32},"end":{"line":6,"column":55}},"4":{"start":{"line":7,"column":29},"end":{"line":7,"column":49}}},"fnMap":{},"branchMap":{},"s":{"0":1,"1":1,"2":1,"3":1,"4":1},"f":{},"b":{},"_coverageSchema":"1a1c01bbd47fc00a2c39e90264f33305004495a9","hash":"a2f9d5e2e40bd467b8eeb5ba58ce76cb67cfb912"}
,"E:\\mybrand(backend)\\src\\controllers\\userController.js": {"path":"E:\\mybrand(backend)\\src\\controllers\\userController.js","statementMap":{"0":{"start":{"line":4,"column":32},"end":{"line":4,"column":49}},"1":{"start":{"line":5,"column":32},"end":{"line":5,"column":49}},"2":{"start":{"line":6,"column":32},"end":{"line":6,"column":49}},"3":{"start":{"line":7,"column":35},"end":{"line":7,"column":55}},"4":{"start":{"line":8,"column":32},"end":{"line":8,"column":49}}},"fnMap":{},"branchMap":{},"s":{"0":1,"1":1,"2":1,"3":1,"4":1},"f":{},"b":{},"_coverageSchema":"1a1c01bbd47fc00a2c39e90264f33305004495a9","hash":"c83986abd066d6614bb40d636b44127cf254c21b"}
,"E:\\mybrand(backend)\\src\\db\\model\\blog.js": {"path":"E:\\mybrand(backend)\\src\\db\\model\\blog.js","statementMap":{"0":{"start":{"line":2,"column":15},"end":{"line":6,"column":23}}},"fnMap":{},"branchMap":{},"s":{"0":1},"f":{},"b":{},"_coverageSchema":"1a1c01bbd47fc00a2c39e90264f33305004495a9","hash":"741307fae2128ff0916a3a5d48579df8fbea5a72"}
,"E:\\mybrand(backend)\\src\\db\\model\\message.js": {"path":"E:\\mybrand(backend)\\src\\db\\model\\message.js","statementMap":{"0":{"start":{"line":2,"column":15},"end":{"line":6,"column":23}}},"fnMap":{},"branchMap":{},"s":{"0":1},"f":{},"b":{},"_coverageSchema":"1a1c01bbd47fc00a2c39e90264f33305004495a9","hash":"5aaedc9126abd1523b17c5d3cb84481b618604ec"}
,"E:\\mybrand(backend)\\src\\db\\model\\user.js": {"path":"E:\\mybrand(backend)\\src\\db\\model\\user.js","statementMap":{"0":{"start":{"line":3,"column":15},"end":{"line":22,"column":1}}},"fnMap":{},"branchMap":{},"s":{"0":1},"f":{},"b":{},"_coverageSchema":"1a1c01bbd47fc00a2c39e90264f33305004495a9","hash":"2dedf71b6d01fd48f30b8356b307d2f6e6e31d05"}
,"E:\\mybrand(backend)\\src\\documentation\\indexDoc.js": {"path":"E:\\mybrand(backend)\\src\\documentation\\indexDoc.js","statementMap":{"0":{"start":{"line":1,"column":19},"end":{"line":1,"column":37}},"1":{"start":{"line":2,"column":25},"end":{"line":2,"column":54}},"2":{"start":{"line":4,"column":18},"end":{"line":4,"column":26}},"3":{"start":{"line":7,"column":0},"end":{"line":7,"column":16}},"4":{"start":{"line":10,"column":16},"end":{"line":604,"column":1}},"5":{"start":{"line":606,"column":0},"end":{"line":606,"column":42}},"6":{"start":{"line":608,"column":0},"end":{"line":608,"column":27}}},"fnMap":{},"branchMap":{},"s":{"0":1,"1":1,"2":1,"3":1,"4":1,"5":1,"6":1},"f":{},"b":{},"_coverageSchema":"1a1c01bbd47fc00a2c39e90264f33305004495a9","hash":"efa9e07167360c2fcfcda2f8d52fe67a799b5cb3"}
,"E:\\mybrand(backend)\\src\\helper\\photoupload.js": {"path":"E:\\mybrand(backend)\\src\\helper\\photoupload.js","statementMap":{"0":{"start":{"line":2,"column":21},"end":{"line":14,"column":1}},"1":{"start":{"line":3,"column":2},"end":{"line":13,"column":3}},"2":{"start":{"line":4,"column":16},"end":{"line":4,"column":44}},"3":{"start":{"line":5,"column":19},"end":{"line":9,"column":5}},"4":{"start":{"line":8,"column":21},"end":{"line":8,"column":27}},"5":{"start":{"line":10,"column":4},"end":{"line":10,"column":18}},"6":{"start":{"line":12,"column":4},"end":{"line":12,"column":23}},"7":{"start":{"line":16,"column":0},"end":{"line":16,"column":30}}},"fnMap":{"0":{"name":"(anonymous_0)","decl":{"start":{"line":2,"column":21},"end":{"line":2,"column":22}},"loc":{"start":{"line":2,"column":36},"end":{"line":14,"column":1}},"line":2},"1":{"name":"(anonymous_1)","decl":{"start":{"line":8,"column":6},"end":{"line":8,"column":7}},"loc":{"start":{"line":8,"column":21},"end":{"line":8,"column":27}},"line":8}},"branchMap":{},"s":{"0":1,"1":0,"2":0,"3":0,"4":0,"5":0,"6":0,"7":1},"f":{"0":0,"1":0},"b":{},"_coverageSchema":"1a1c01bbd47fc00a2c39e90264f33305004495a9","hash":"e7e768bb38a997e413eeb080ae06a8d527b3167e"}
,"E:\\mybrand(backend)\\src\\helper\\validation.js": {"path":"E:\\mybrand(backend)\\src\\helper\\validation.js","statementMap":{"0":{"start":{"line":3,"column":22},"end":{"line":6,"column":2}},"1":{"start":{"line":8,"column":0},"end":{"line":10,"column":2}}},"fnMap":{},"branchMap":{},"s":{"0":1,"1":1},"f":{},"b":{},"_coverageSchema":"1a1c01bbd47fc00a2c39e90264f33305004495a9","hash":"a02a3302afb066221414c03326a007d02c6a2a3b"}
,"E:\\mybrand(backend)\\src\\middleware\\checkUserExit.js": {"path":"E:\\mybrand(backend)\\src\\middleware\\checkUserExit.js","statementMap":{"0":{"start":{"line":6,"column":25},"end":{"line":14,"column":1}},"1":{"start":{"line":7,"column":27},"end":{"line":7,"column":35}},"2":{"start":{"line":8,"column":17},"end":{"line":8,"column":49}},"3":{"start":{"line":9,"column":4},"end":{"line":12,"column":5}},"4":{"start":{"line":10,"column":8},"end":{"line":10,"column":51}},"5":{"start":{"line":11,"column":8},"end":{"line":11,"column":22}},"6":{"start":{"line":13,"column":4},"end":{"line":13,"column":80}},"7":{"start":{"line":15,"column":25},"end":{"line":32,"column":1}},"8":{"start":{"line":16,"column":27},"end":{"line":16,"column":35}},"9":{"start":{"line":17,"column":17},"end":{"line":17,"column":49}},"10":{"start":{"line":18,"column":4},"end":{"line":20,"column":5}},"11":{"start":{"line":19,"column":8},"end":{"line":19,"column":81}},"12":{"start":{"line":21,"column":4},"end":{"line":30,"column":5}},"13":{"start":{"line":22,"column":8},"end":{"line":22,"column":29}},"14":{"start":{"line":23,"column":22},"end":{"line":23,"column":43}},"15":{"start":{"line":24,"column":8},"end":{"line":29,"column":14}},"16":{"start":{"line":31,"column":0},"end":{"line":31,"column":83}}},"fnMap":{"0":{"name":"(anonymous_0)","decl":{"start":{"line":6,"column":25},"end":{"line":6,"column":26}},"loc":{"start":{"line":6,"column":46},"end":{"line":14,"column":1}},"line":6},"1":{"name":"(anonymous_1)","decl":{"start":{"line":15,"column":25},"end":{"line":15,"column":26}},"loc":{"start":{"line":15,"column":41},"end":{"line":32,"column":1}},"line":15}},"branchMap":{"0":{"loc":{"start":{"line":9,"column":4},"end":{"line":12,"column":5}},"type":"if","locations":[{"start":{"line":9,"column":4},"end":{"line":12,"column":5}},{"start":{},"end":{}}],"line":9},"1":{"loc":{"start":{"line":18,"column":4},"end":{"line":20,"column":5}},"type":"if","locations":[{"start":{"line":18,"column":4},"end":{"line":20,"column":5}},{"start":{},"end":{}}],"line":18},"2":{"loc":{"start":{"line":21,"column":4},"end":{"line":30,"column":5}},"type":"if","locations":[{"start":{"line":21,"column":4},"end":{"line":30,"column":5}},{"start":{},"end":{}}],"line":21}},"s":{"0":1,"1":0,"2":0,"3":0,"4":0,"5":0,"6":0,"7":1,"8":0,"9":0,"10":0,"11":0,"12":0,"13":0,"14":0,"15":0,"16":0},"f":{"0":0,"1":0},"b":{"0":[0,0],"1":[0,0],"2":[0,0]},"_coverageSchema":"1a1c01bbd47fc00a2c39e90264f33305004495a9","hash":"bae55a77c3181b56ee365b0ceba16a2898e488e8"}
,"E:\\mybrand(backend)\\src\\middleware\\token.js": {"path":"E:\\mybrand(backend)\\src\\middleware\\token.js","statementMap":{"0":{"start":{"line":4,"column":28},"end":{"line":6,"column":1}},"1":{"start":{"line":5,"column":0},"end":{"line":5,"column":63}},"2":{"start":{"line":7,"column":26},"end":{"line":10,"column":1}},"3":{"start":{"line":8,"column":4},"end":{"line":8,"column":49}}},"fnMap":{"0":{"name":"(anonymous_0)","decl":{"start":{"line":4,"column":28},"end":{"line":4,"column":29}},"loc":{"start":{"line":4,"column":36},"end":{"line":6,"column":1}},"line":4},"1":{"name":"(anonymous_1)","decl":{"start":{"line":7,"column":26},"end":{"line":7,"column":27}},"loc":{"start":{"line":7,"column":35},"end":{"line":10,"column":1}},"line":7}},"branchMap":{},"s":{"0":1,"1":0,"2":1,"3":0},"f":{"0":0,"1":0},"b":{},"_coverageSchema":"1a1c01bbd47fc00a2c39e90264f33305004495a9","hash":"8c42da6e7ced65ea50a8abb0d0cbeb1fd6737e00"}
,"E:\\mybrand(backend)\\src\\middleware\\veryfyToken.js": {"path":"E:\\mybrand(backend)\\src\\middleware\\veryfyToken.js","statementMap":{"0":{"start":{"line":1,"column":12},"end":{"line":1,"column":35}},"1":{"start":{"line":2,"column":21},"end":{"line":2,"column":53}},"2":{"start":{"line":4,"column":16},"end":{"line":27,"column":2}},"3":{"start":{"line":6,"column":2},"end":{"line":23,"column":3}},"4":{"start":{"line":10,"column":4},"end":{"line":22,"column":5}},"5":{"start":{"line":12,"column":6},"end":{"line":12,"column":54}},"6":{"start":{"line":14,"column":22},"end":{"line":14,"column":65}},"7":{"start":{"line":15,"column":6},"end":{"line":17,"column":29}},"8":{"start":{"line":18,"column":6},"end":{"line":18,"column":13}},"9":{"start":{"line":20,"column":6},"end":{"line":20,"column":25}},"10":{"start":{"line":21,"column":6},"end":{"line":21,"column":58}},"11":{"start":{"line":24,"column":2},"end":{"line":26,"column":3}},"12":{"start":{"line":25,"column":4},"end":{"line":25,"column":66}},"13":{"start":{"line":28,"column":0},"end":{"line":28,"column":29}}},"fnMap":{"0":{"name":"(anonymous_0)","decl":{"start":{"line":4,"column":29},"end":{"line":4,"column":30}},"loc":{"start":{"line":4,"column":55},"end":{"line":27,"column":1}},"line":4}},"branchMap":{"0":{"loc":{"start":{"line":6,"column":2},"end":{"line":23,"column":3}},"type":"if","locations":[{"start":{"line":6,"column":2},"end":{"line":23,"column":3}},{"start":{},"end":{}}],"line":6},"1":{"loc":{"start":{"line":7,"column":4},"end":{"line":8,"column":50}},"type":"binary-expr","locations":[{"start":{"line":7,"column":4},"end":{"line":7,"column":29}},{"start":{"line":8,"column":4},"end":{"line":8,"column":50}}],"line":7},"2":{"loc":{"start":{"line":24,"column":2},"end":{"line":26,"column":3}},"type":"if","locations":[{"start":{"line":24,"column":2},"end":{"line":26,"column":3}},{"start":{},"end":{}}],"line":24}},"s":{"0":1,"1":1,"2":1,"3":1,"4":0,"5":0,"6":0,"7":0,"8":0,"9":0,"10":0,"11":1,"12":1,"13":1},"f":{"0":1},"b":{"0":[0,1],"1":[1,0],"2":[1,0]},"_coverageSchema":"1a1c01bbd47fc00a2c39e90264f33305004495a9","hash":"9655d420fc4200aed3b1052277dfd42669c48141"}
,"E:\\mybrand(backend)\\src\\router\\index.js": {"path":"E:\\mybrand(backend)\\src\\router\\index.js","statementMap":{"0":{"start":{"line":7,"column":14},"end":{"line":7,"column":22}},"1":{"start":{"line":9,"column":0},"end":{"line":9,"column":58}},"2":{"start":{"line":10,"column":0},"end":{"line":10,"column":71}},"3":{"start":{"line":11,"column":0},"end":{"line":11,"column":37}},"4":{"start":{"line":12,"column":0},"end":{"line":12,"column":60}},"5":{"start":{"line":13,"column":0},"end":{"line":13,"column":69}},"6":{"start":{"line":14,"column":0},"end":{"line":14,"column":63}},"7":{"start":{"line":17,"column":0},"end":{"line":17,"column":60}},"8":{"start":{"line":18,"column":0},"end":{"line":18,"column":50}},"9":{"start":{"line":19,"column":0},"end":{"line":19,"column":50}},"10":{"start":{"line":20,"column":0},"end":{"line":20,"column":58}},"11":{"start":{"line":21,"column":0},"end":{"line":21,"column":50}},"12":{"start":{"line":25,"column":0},"end":{"line":25,"column":58}},"13":{"start":{"line":26,"column":0},"end":{"line":26,"column":63}},"14":{"start":{"line":27,"column":0},"end":{"line":27,"column":67}},"15":{"start":{"line":28,"column":0},"end":{"line":28,"column":66}},"16":{"start":{"line":29,"column":0},"end":{"line":29,"column":72}}},"fnMap":{},"branchMap":{},"s":{"0":1,"1":1,"2":1,"3":1,"4":1,"5":1,"6":1,"7":1,"8":1,"9":1,"10":1,"11":1,"12":1,"13":1,"14":1,"15":1,"16":1},"f":{},"b":{},"_coverageSchema":"1a1c01bbd47fc00a2c39e90264f33305004495a9","hash":"067255ea85156cf315848a7e0b9ec6693083f2db"}
,"E:\\mybrand(backend)\\src\\utilis\\hashedPassword.js": {"path":"E:\\mybrand(backend)\\src\\utilis\\hashedPassword.js","statementMap":{"0":{"start":{"line":4,"column":28},"end":{"line":6,"column":1}},"1":{"start":{"line":5,"column":2},"end":{"line":5,"column":39}},"2":{"start":{"line":8,"column":34},"end":{"line":10,"column":1}},"3":{"start":{"line":9,"column":2},"end":{"line":9,"column":54}}},"fnMap":{"0":{"name":"(anonymous_0)","decl":{"start":{"line":4,"column":28},"end":{"line":4,"column":29}},"loc":{"start":{"line":4,"column":42},"end":{"line":6,"column":1}},"line":4},"1":{"name":"(anonymous_1)","decl":{"start":{"line":8,"column":34},"end":{"line":8,"column":35}},"loc":{"start":{"line":8,"column":64},"end":{"line":10,"column":1}},"line":8}},"branchMap":{},"s":{"0":1,"1":0,"2":1,"3":0},"f":{"0":0,"1":0},"b":{},"_coverageSchema":"1a1c01bbd47fc00a2c39e90264f33305004495a9","hash":"600d04f48792e9d58d7514b5c6bcf48fcf188438"}
,"E:\\mybrand(backend)\\src\\utilis\\response.js": {"path":"E:\\mybrand(backend)\\src\\utilis\\response.js","statementMap":{"0":{"start":{"line":3,"column":6},"end":{"line":9,"column":10}},"1":{"start":{"line":13,"column":6},"end":{"line":16,"column":9}}},"fnMap":{"0":{"name":"(anonymous_0)","decl":{"start":{"line":2,"column":4},"end":{"line":2,"column":5}},"loc":{"start":{"line":2,"column":61},"end":{"line":10,"column":5}},"line":2},"1":{"name":"(anonymous_1)","decl":{"start":{"line":12,"column":4},"end":{"line":12,"column":5}},"loc":{"start":{"line":12,"column":44},"end":{"line":17,"column":5}},"line":12}},"branchMap":{"0":{"loc":{"start":{"line":2,"column":40},"end":{"line":2,"column":51}},"type":"default-arg","locations":[{"start":{"line":2,"column":47},"end":{"line":2,"column":51}}],"line":2},"1":{"loc":{"start":{"line":6,"column":10},"end":{"line":8,"column":33}},"type":"cond-expr","locations":[{"start":{"line":7,"column":14},"end":{"line":7,"column":60}},{"start":{"line":8,"column":14},"end":{"line":8,"column":33}}],"line":6}},"s":{"0":0,"1":0},"f":{"0":0,"1":0},"b":{"0":[0],"1":[0,0]},"_coverageSchema":"1a1c01bbd47fc00a2c39e90264f33305004495a9","hash":"250215d4897805101c9c2e7357c2a2e24680e765"}
}
