{"E:\\mybrand(backend)\\src\\server.js": {"path":"E:\\mybrand(backend)\\src\\server.js","statementMap":{"0":{"start":{"line":9,"column":12},"end":{"line":9,"column":21}},"1":{"start":{"line":10,"column":0},"end":{"line":10,"column":27}},"2":{"start":{"line":11,"column":0},"end":{"line":11,"column":46}},"3":{"start":{"line":13,"column":0},"end":{"line":13,"column":16}},"4":{"start":{"line":14,"column":0},"end":{"line":14,"column":23}},"5":{"start":{"line":15,"column":0},"end":{"line":15,"column":30}},"6":{"start":{"line":17,"column":17},"end":{"line":17,"column":33}},"7":{"start":{"line":18,"column":0},"end":{"line":22,"column":5}},"8":{"start":{"line":21,"column":4},"end":{"line":21,"column":43}},"9":{"start":{"line":23,"column":13},"end":{"line":23,"column":37}},"10":{"start":{"line":24,"column":0},"end":{"line":28,"column":1}},"11":{"start":{"line":25,"column":2},"end":{"line":27,"column":5}},"12":{"start":{"line":26,"column":4},"end":{"line":26,"column":48}}},"fnMap":{"0":{"name":"(anonymous_0)","decl":{"start":{"line":20,"column":8},"end":{"line":20,"column":9}},"loc":{"start":{"line":20,"column":14},"end":{"line":22,"column":3}},"line":20},"1":{"name":"(anonymous_1)","decl":{"start":{"line":25,"column":19},"end":{"line":25,"column":20}},"loc":{"start":{"line":25,"column":25},"end":{"line":27,"column":3}},"line":25}},"branchMap":{"0":{"loc":{"start":{"line":23,"column":13},"end":{"line":23,"column":37}},"type":"binary-expr","locations":[{"start":{"line":23,"column":13},"end":{"line":23,"column":29}},{"start":{"line":23,"column":33},"end":{"line":23,"column":37}}],"line":23},"1":{"loc":{"start":{"line":24,"column":0},"end":{"line":28,"column":1}},"type":"if","locations":[{"start":{"line":24,"column":0},"end":{"line":28,"column":1}},{"start":{},"end":{}}],"line":24}},"s":{"0":2,"1":2,"2":2,"3":2,"4":2,"5":2,"6":2,"7":2,"8":2,"9":2,"10":2,"11":0,"12":0},"f":{"0":2,"1":0},"b":{"0":[2,0],"1":[0,2]},"_coverageSchema":"1a1c01bbd47fc00a2c39e90264f33305004495a9","hash":"4a631971e15c22841edba0d69c18d28957b008bb"}
,"E:\\mybrand(backend)\\src\\config\\claudinary.js": {"path":"E:\\mybrand(backend)\\src\\config\\claudinary.js","statementMap":{"0":{"start":{"line":1,"column":19},"end":{"line":1,"column":43}},"1":{"start":{"line":3,"column":0},"end":{"line":7,"column":3}},"2":{"start":{"line":9,"column":0},"end":{"line":9,"column":37}}},"fnMap":{},"branchMap":{},"s":{"0":2,"1":2,"2":2},"f":{},"b":{},"_coverageSchema":"1a1c01bbd47fc00a2c39e90264f33305004495a9","hash":"e4be1e9a9a9bdad5048721ff5211a05a4c7d074c"}
,"E:\\mybrand(backend)\\src\\controllers\\blogController.js": {"path":"E:\\mybrand(backend)\\src\\controllers\\blogController.js","statementMap":{"0":{"start":{"line":8,"column":12},"end":{"line":8,"column":22}},"1":{"start":{"line":9,"column":9},"end":{"line":9,"column":49}},"2":{"start":{"line":10,"column":9},"end":{"line":10,"column":54}},"3":{"start":{"line":11,"column":11},"end":{"line":11,"column":30}},"4":{"start":{"line":13,"column":0},"end":{"line":13,"column":35}},"5":{"start":{"line":15,"column":22},"end":{"line":47,"column":1}},"6":{"start":{"line":15,"column":33},"end":{"line":47,"column":1}},"7":{"start":{"line":16,"column":16},"end":{"line":16,"column":24}},"8":{"start":{"line":17,"column":2},"end":{"line":46,"column":3}},"9":{"start":{"line":18,"column":4},"end":{"line":18,"column":47}},"10":{"start":{"line":19,"column":4},"end":{"line":43,"column":5}},"11":{"start":{"line":20,"column":21},"end":{"line":20,"column":23}},"12":{"start":{"line":21,"column":6},"end":{"line":25,"column":7}},"13":{"start":{"line":22,"column":22},"end":{"line":22,"column":44}},"14":{"start":{"line":23,"column":8},"end":{"line":23,"column":29}},"15":{"start":{"line":24,"column":8},"end":{"line":24,"column":33}},"16":{"start":{"line":26,"column":19},"end":{"line":26,"column":46}},"17":{"start":{"line":28,"column":6},"end":{"line":34,"column":7}},"18":{"start":{"line":29,"column":8},"end":{"line":33,"column":10}},"19":{"start":{"line":35,"column":6},"end":{"line":40,"column":8}},"20":{"start":{"line":42,"column":6},"end":{"line":42,"column":63}},"21":{"start":{"line":45,"column":4},"end":{"line":45,"column":32}},"22":{"start":{"line":49,"column":22},"end":{"line":59,"column":1}},"23":{"start":{"line":49,"column":33},"end":{"line":59,"column":1}},"24":{"start":{"line":50,"column":2},"end":{"line":58,"column":3}},"25":{"start":{"line":51,"column":17},"end":{"line":51,"column":35}},"26":{"start":{"line":52,"column":4},"end":{"line":54,"column":5}},"27":{"start":{"line":53,"column":6},"end":{"line":53,"column":70}},"28":{"start":{"line":55,"column":4},"end":{"line":55,"column":68}},"29":{"start":{"line":57,"column":4},"end":{"line":57,"column":23}},"30":{"start":{"line":61,"column":22},"end":{"line":71,"column":1}},"31":{"start":{"line":61,"column":33},"end":{"line":71,"column":1}},"32":{"start":{"line":62,"column":2},"end":{"line":70,"column":3}},"33":{"start":{"line":63,"column":17},"end":{"line":63,"column":52}},"34":{"start":{"line":64,"column":4},"end":{"line":66,"column":5}},"35":{"start":{"line":65,"column":6},"end":{"line":65,"column":70}},"36":{"start":{"line":67,"column":4},"end":{"line":67,"column":68}},"37":{"start":{"line":69,"column":4},"end":{"line":69,"column":23}},"38":{"start":{"line":75,"column":22},"end":{"line":87,"column":1}},"39":{"start":{"line":75,"column":33},"end":{"line":87,"column":1}},"40":{"start":{"line":76,"column":2},"end":{"line":86,"column":3}},"41":{"start":{"line":77,"column":17},"end":{"line":79,"column":6}},"42":{"start":{"line":80,"column":4},"end":{"line":82,"column":5}},"43":{"start":{"line":81,"column":6},"end":{"line":81,"column":70}},"44":{"start":{"line":83,"column":4},"end":{"line":83,"column":68}},"45":{"start":{"line":85,"column":4},"end":{"line":85,"column":23}},"46":{"start":{"line":91,"column":25},"end":{"line":101,"column":1}},"47":{"start":{"line":91,"column":36},"end":{"line":101,"column":1}},"48":{"start":{"line":92,"column":2},"end":{"line":100,"column":3}},"49":{"start":{"line":93,"column":17},"end":{"line":93,"column":61}},"50":{"start":{"line":94,"column":4},"end":{"line":96,"column":5}},"51":{"start":{"line":95,"column":6},"end":{"line":95,"column":70}},"52":{"start":{"line":97,"column":4},"end":{"line":97,"column":68}},"53":{"start":{"line":99,"column":4},"end":{"line":99,"column":23}},"54":{"start":{"line":103,"column":35},"end":{"line":130,"column":1}},"55":{"start":{"line":104,"column":25},"end":{"line":104,"column":35}},"56":{"start":{"line":105,"column":22},"end":{"line":105,"column":30}},"57":{"start":{"line":107,"column":2},"end":{"line":129,"column":5}},"58":{"start":{"line":111,"column":23},"end":{"line":116,"column":5}},"59":{"start":{"line":117,"column":4},"end":{"line":128,"column":72}},"60":{"start":{"line":120,"column":8},"end":{"line":126,"column":72}},"61":{"start":{"line":121,"column":10},"end":{"line":121,"column":44}},"62":{"start":{"line":122,"column":10},"end":{"line":125,"column":78}},"63":{"start":{"line":124,"column":30},"end":{"line":124,"column":46}},"64":{"start":{"line":125,"column":30},"end":{"line":125,"column":76}},"65":{"start":{"line":126,"column":15},"end":{"line":126,"column":72}},"66":{"start":{"line":128,"column":24},"end":{"line":128,"column":70}},"67":{"start":{"line":132,"column":27},"end":{"line":159,"column":1}},"68":{"start":{"line":133,"column":25},"end":{"line":133,"column":35}},"69":{"start":{"line":134,"column":18},"end":{"line":134,"column":29}},"70":{"start":{"line":136,"column":18},"end":{"line":138,"column":3}},"71":{"start":{"line":140,"column":0},"end":{"line":158,"column":50}},"72":{"start":{"line":142,"column":8},"end":{"line":156,"column":66}},"73":{"start":{"line":144,"column":26},"end":{"line":144,"column":96}},"74":{"start":{"line":144,"column":51},"end":{"line":144,"column":95}},"75":{"start":{"line":145,"column":12},"end":{"line":151,"column":13}},"76":{"start":{"line":146,"column":15},"end":{"line":146,"column":101}},"77":{"start":{"line":146,"column":56},"end":{"line":146,"column":100}},"78":{"start":{"line":150,"column":17},"end":{"line":150,"column":45}},"79":{"start":{"line":152,"column":12},"end":{"line":154,"column":70}},"80":{"start":{"line":153,"column":26},"end":{"line":153,"column":42}},"81":{"start":{"line":154,"column":26},"end":{"line":154,"column":69}},"82":{"start":{"line":156,"column":13},"end":{"line":156,"column":66}},"83":{"start":{"line":158,"column":18},"end":{"line":158,"column":49}}},"fnMap":{"0":{"name":"(anonymous_0)","decl":{"start":{"line":15,"column":22},"end":{"line":15,"column":23}},"loc":{"start":{"line":15,"column":33},"end":{"line":47,"column":1}},"line":15},"1":{"name":"(anonymous_1)","decl":{"start":{"line":15,"column":33},"end":{"line":15,"column":34}},"loc":{"start":{"line":15,"column":59},"end":{"line":47,"column":1}},"line":15},"2":{"name":"(anonymous_2)","decl":{"start":{"line":49,"column":22},"end":{"line":49,"column":23}},"loc":{"start":{"line":49,"column":33},"end":{"line":59,"column":1}},"line":49},"3":{"name":"(anonymous_3)","decl":{"start":{"line":49,"column":33},"end":{"line":49,"column":34}},"loc":{"start":{"line":49,"column":59},"end":{"line":59,"column":1}},"line":49},"4":{"name":"(anonymous_4)","decl":{"start":{"line":61,"column":22},"end":{"line":61,"column":23}},"loc":{"start":{"line":61,"column":33},"end":{"line":71,"column":1}},"line":61},"5":{"name":"(anonymous_5)","decl":{"start":{"line":61,"column":33},"end":{"line":61,"column":34}},"loc":{"start":{"line":61,"column":59},"end":{"line":71,"column":1}},"line":61},"6":{"name":"(anonymous_6)","decl":{"start":{"line":75,"column":22},"end":{"line":75,"column":23}},"loc":{"start":{"line":75,"column":33},"end":{"line":87,"column":1}},"line":75},"7":{"name":"(anonymous_7)","decl":{"start":{"line":75,"column":33},"end":{"line":75,"column":34}},"loc":{"start":{"line":75,"column":59},"end":{"line":87,"column":1}},"line":75},"8":{"name":"(anonymous_8)","decl":{"start":{"line":91,"column":25},"end":{"line":91,"column":26}},"loc":{"start":{"line":91,"column":36},"end":{"line":101,"column":1}},"line":91},"9":{"name":"(anonymous_9)","decl":{"start":{"line":91,"column":36},"end":{"line":91,"column":37}},"loc":{"start":{"line":91,"column":62},"end":{"line":101,"column":1}},"line":91},"10":{"name":"(anonymous_10)","decl":{"start":{"line":103,"column":35},"end":{"line":103,"column":36}},"loc":{"start":{"line":103,"column":49},"end":{"line":130,"column":1}},"line":103},"11":{"name":"(anonymous_11)","decl":{"start":{"line":109,"column":10},"end":{"line":109,"column":11}},"loc":{"start":{"line":109,"column":20},"end":{"line":129,"column":3}},"line":109},"12":{"name":"(anonymous_12)","decl":{"start":{"line":119,"column":12},"end":{"line":119,"column":13}},"loc":{"start":{"line":119,"column":25},"end":{"line":127,"column":7}},"line":119},"13":{"name":"(anonymous_13)","decl":{"start":{"line":124,"column":18},"end":{"line":124,"column":19}},"loc":{"start":{"line":124,"column":30},"end":{"line":124,"column":46}},"line":124},"14":{"name":"(anonymous_14)","decl":{"start":{"line":125,"column":19},"end":{"line":125,"column":20}},"loc":{"start":{"line":125,"column":30},"end":{"line":125,"column":76}},"line":125},"15":{"name":"(anonymous_15)","decl":{"start":{"line":128,"column":13},"end":{"line":128,"column":14}},"loc":{"start":{"line":128,"column":24},"end":{"line":128,"column":70}},"line":128},"16":{"name":"(anonymous_16)","decl":{"start":{"line":132,"column":27},"end":{"line":132,"column":28}},"loc":{"start":{"line":132,"column":47},"end":{"line":159,"column":1}},"line":132},"17":{"name":"(anonymous_17)","decl":{"start":{"line":141,"column":10},"end":{"line":141,"column":11}},"loc":{"start":{"line":141,"column":19},"end":{"line":157,"column":5}},"line":141},"18":{"name":"(anonymous_18)","decl":{"start":{"line":144,"column":45},"end":{"line":144,"column":46}},"loc":{"start":{"line":144,"column":51},"end":{"line":144,"column":95}},"line":144},"19":{"name":"(anonymous_19)","decl":{"start":{"line":146,"column":50},"end":{"line":146,"column":51}},"loc":{"start":{"line":146,"column":56},"end":{"line":146,"column":100}},"line":146},"20":{"name":"(anonymous_20)","decl":{"start":{"line":153,"column":18},"end":{"line":153,"column":19}},"loc":{"start":{"line":153,"column":26},"end":{"line":153,"column":42}},"line":153},"21":{"name":"(anonymous_21)","decl":{"start":{"line":154,"column":19},"end":{"line":154,"column":20}},"loc":{"start":{"line":154,"column":26},"end":{"line":154,"column":69}},"line":154},"22":{"name":"(anonymous_22)","decl":{"start":{"line":158,"column":11},"end":{"line":158,"column":12}},"loc":{"start":{"line":158,"column":18},"end":{"line":158,"column":49}},"line":158}},"branchMap":{"0":{"loc":{"start":{"line":19,"column":4},"end":{"line":43,"column":5}},"type":"if","locations":[{"start":{"line":19,"column":4},"end":{"line":43,"column":5}},{"start":{"line":41,"column":11},"end":{"line":43,"column":5}}],"line":19},"1":{"loc":{"start":{"line":21,"column":6},"end":{"line":25,"column":7}},"type":"if","locations":[{"start":{"line":21,"column":6},"end":{"line":25,"column":7}},{"start":{},"end":{}}],"line":21},"2":{"loc":{"start":{"line":28,"column":6},"end":{"line":34,"column":7}},"type":"if","locations":[{"start":{"line":28,"column":6},"end":{"line":34,"column":7}},{"start":{},"end":{}}],"line":28},"3":{"loc":{"start":{"line":52,"column":4},"end":{"line":54,"column":5}},"type":"if","locations":[{"start":{"line":52,"column":4},"end":{"line":54,"column":5}},{"start":{},"end":{}}],"line":52},"4":{"loc":{"start":{"line":64,"column":4},"end":{"line":66,"column":5}},"type":"if","locations":[{"start":{"line":64,"column":4},"end":{"line":66,"column":5}},{"start":{},"end":{}}],"line":64},"5":{"loc":{"start":{"line":80,"column":4},"end":{"line":82,"column":5}},"type":"if","locations":[{"start":{"line":80,"column":4},"end":{"line":82,"column":5}},{"start":{},"end":{}}],"line":80},"6":{"loc":{"start":{"line":94,"column":4},"end":{"line":96,"column":5}},"type":"if","locations":[{"start":{"line":94,"column":4},"end":{"line":96,"column":5}},{"start":{},"end":{}}],"line":94},"7":{"loc":{"start":{"line":120,"column":8},"end":{"line":126,"column":72}},"type":"if","locations":[{"start":{"line":120,"column":8},"end":{"line":126,"column":72}},{"start":{"line":126,"column":15},"end":{"line":126,"column":72}}],"line":120},"8":{"loc":{"start":{"line":142,"column":8},"end":{"line":156,"column":66}},"type":"if","locations":[{"start":{"line":142,"column":8},"end":{"line":156,"column":66}},{"start":{"line":156,"column":13},"end":{"line":156,"column":66}}],"line":142},"9":{"loc":{"start":{"line":145,"column":12},"end":{"line":151,"column":13}},"type":"if","locations":[{"start":{"line":145,"column":12},"end":{"line":151,"column":13}},{"start":{"line":149,"column":12},"end":{"line":151,"column":13}}],"line":145}},"s":{"0":2,"1":2,"2":2,"3":2,"4":2,"5":2,"6":2,"7":2,"8":2,"9":2,"10":2,"11":2,"12":2,"13":1,"14":1,"15":1,"16":2,"17":2,"18":0,"19":2,"20":0,"21":0,"22":2,"23":2,"24":6,"25":6,"26":6,"27":0,"28":6,"29":0,"30":2,"31":2,"32":1,"33":1,"34":1,"35":0,"36":1,"37":0,"38":2,"39":2,"40":1,"41":1,"42":1,"43":0,"44":1,"45":0,"46":2,"47":2,"48":1,"49":1,"50":1,"51":0,"52":1,"53":0,"54":2,"55":1,"56":1,"57":1,"58":1,"59":1,"60":1,"61":1,"62":1,"63":1,"64":0,"65":0,"66":0,"67":2,"68":1,"69":1,"70":1,"71":1,"72":1,"73":1,"74":0,"75":1,"76":0,"77":0,"78":1,"79":1,"80":1,"81":0,"82":0,"83":0},"f":{"0":2,"1":2,"2":2,"3":6,"4":2,"5":1,"6":2,"7":1,"8":2,"9":1,"10":1,"11":1,"12":1,"13":1,"14":0,"15":0,"16":1,"17":1,"18":0,"19":0,"20":1,"21":0,"22":0},"b":{"0":[2,0],"1":[1,1],"2":[0,2],"3":[0,6],"4":[0,1],"5":[0,1],"6":[0,1],"7":[1,0],"8":[1,0],"9":[0,1]},"_coverageSchema":"1a1c01bbd47fc00a2c39e90264f33305004495a9","hash":"9efef68815e9c1ec7ab30951850128aa24045a32"}
,"E:\\mybrand(backend)\\src\\controllers\\messageController.js": {"path":"E:\\mybrand(backend)\\src\\controllers\\messageController.js","statementMap":{"0":{"start":{"line":4,"column":26},"end":{"line":18,"column":1}},"1":{"start":{"line":4,"column":37},"end":{"line":18,"column":1}},"2":{"start":{"line":5,"column":0},"end":{"line":14,"column":1}},"3":{"start":{"line":6,"column":18},"end":{"line":6,"column":48}},"4":{"start":{"line":7,"column":4},"end":{"line":9,"column":5}},"5":{"start":{"line":8,"column":0},"end":{"line":8,"column":67}},"6":{"start":{"line":10,"column":4},"end":{"line":10,"column":72}},"7":{"start":{"line":13,"column":4},"end":{"line":13,"column":22}},"8":{"start":{"line":20,"column":28},"end":{"line":27,"column":1}},"9":{"start":{"line":20,"column":40},"end":{"line":27,"column":1}},"10":{"start":{"line":21,"column":14},"end":{"line":21,"column":34}},"11":{"start":{"line":22,"column":0},"end":{"line":24,"column":1}},"12":{"start":{"line":23,"column":4},"end":{"line":23,"column":72}},"13":{"start":{"line":25,"column":0},"end":{"line":25,"column":67}}},"fnMap":{"0":{"name":"(anonymous_0)","decl":{"start":{"line":4,"column":26},"end":{"line":4,"column":27}},"loc":{"start":{"line":4,"column":37},"end":{"line":18,"column":1}},"line":4},"1":{"name":"(anonymous_1)","decl":{"start":{"line":4,"column":37},"end":{"line":4,"column":38}},"loc":{"start":{"line":4,"column":53},"end":{"line":18,"column":1}},"line":4},"2":{"name":"(anonymous_2)","decl":{"start":{"line":20,"column":28},"end":{"line":20,"column":29}},"loc":{"start":{"line":20,"column":40},"end":{"line":27,"column":1}},"line":20},"3":{"name":"(anonymous_3)","decl":{"start":{"line":20,"column":40},"end":{"line":20,"column":41}},"loc":{"start":{"line":20,"column":56},"end":{"line":27,"column":1}},"line":20}},"branchMap":{"0":{"loc":{"start":{"line":7,"column":4},"end":{"line":9,"column":5}},"type":"if","locations":[{"start":{"line":7,"column":4},"end":{"line":9,"column":5}},{"start":{},"end":{}}],"line":7},"1":{"loc":{"start":{"line":22,"column":0},"end":{"line":24,"column":1}},"type":"if","locations":[{"start":{"line":22,"column":0},"end":{"line":24,"column":1}},{"start":{},"end":{}}],"line":22}},"s":{"0":2,"1":0,"2":0,"3":0,"4":0,"5":0,"6":0,"7":0,"8":2,"9":0,"10":0,"11":0,"12":0,"13":0},"f":{"0":0,"1":0,"2":0,"3":0},"b":{"0":[0,0],"1":[0,0]},"_coverageSchema":"1a1c01bbd47fc00a2c39e90264f33305004495a9","hash":"a80e87d87c2476a845240d35b333cb9a7dcd7b8f"}
,"E:\\mybrand(backend)\\src\\controllers\\userController.js": {"path":"E:\\mybrand(backend)\\src\\controllers\\userController.js","statementMap":{"0":{"start":{"line":4,"column":26},"end":{"line":18,"column":1}},"1":{"start":{"line":4,"column":37},"end":{"line":18,"column":1}},"2":{"start":{"line":5,"column":2},"end":{"line":17,"column":3}},"3":{"start":{"line":6,"column":17},"end":{"line":6,"column":45}},"4":{"start":{"line":7,"column":4},"end":{"line":13,"column":5}},"5":{"start":{"line":8,"column":6},"end":{"line":12,"column":8}},"6":{"start":{"line":14,"column":4},"end":{"line":14,"column":80}},"7":{"start":{"line":16,"column":4},"end":{"line":16,"column":23}},"8":{"start":{"line":22,"column":26},"end":{"line":32,"column":1}},"9":{"start":{"line":22,"column":37},"end":{"line":32,"column":1}},"10":{"start":{"line":23,"column":2},"end":{"line":31,"column":3}},"11":{"start":{"line":24,"column":17},"end":{"line":24,"column":35}},"12":{"start":{"line":25,"column":4},"end":{"line":27,"column":5}},"13":{"start":{"line":26,"column":6},"end":{"line":26,"column":71}},"14":{"start":{"line":28,"column":4},"end":{"line":28,"column":68}},"15":{"start":{"line":30,"column":4},"end":{"line":30,"column":23}},"16":{"start":{"line":36,"column":26},"end":{"line":46,"column":1}},"17":{"start":{"line":36,"column":37},"end":{"line":46,"column":1}},"18":{"start":{"line":37,"column":2},"end":{"line":45,"column":3}},"19":{"start":{"line":38,"column":17},"end":{"line":38,"column":52}},"20":{"start":{"line":39,"column":4},"end":{"line":41,"column":5}},"21":{"start":{"line":40,"column":6},"end":{"line":40,"column":71}},"22":{"start":{"line":42,"column":4},"end":{"line":42,"column":68}},"23":{"start":{"line":44,"column":4},"end":{"line":44,"column":23}},"24":{"start":{"line":50,"column":26},"end":{"line":62,"column":1}},"25":{"start":{"line":50,"column":37},"end":{"line":62,"column":1}},"26":{"start":{"line":51,"column":2},"end":{"line":61,"column":3}},"27":{"start":{"line":52,"column":17},"end":{"line":54,"column":6}},"28":{"start":{"line":55,"column":4},"end":{"line":57,"column":5}},"29":{"start":{"line":56,"column":6},"end":{"line":56,"column":70}},"30":{"start":{"line":58,"column":4},"end":{"line":58,"column":68}},"31":{"start":{"line":60,"column":4},"end":{"line":60,"column":23}},"32":{"start":{"line":66,"column":26},"end":{"line":77,"column":1}},"33":{"start":{"line":66,"column":37},"end":{"line":77,"column":1}},"34":{"start":{"line":67,"column":2},"end":{"line":76,"column":3}},"35":{"start":{"line":68,"column":17},"end":{"line":68,"column":61}},"36":{"start":{"line":70,"column":4},"end":{"line":72,"column":5}},"37":{"start":{"line":71,"column":6},"end":{"line":71,"column":71}},"38":{"start":{"line":73,"column":4},"end":{"line":73,"column":68}},"39":{"start":{"line":75,"column":4},"end":{"line":75,"column":23}}},"fnMap":{"0":{"name":"(anonymous_0)","decl":{"start":{"line":4,"column":26},"end":{"line":4,"column":27}},"loc":{"start":{"line":4,"column":37},"end":{"line":18,"column":1}},"line":4},"1":{"name":"(anonymous_1)","decl":{"start":{"line":4,"column":37},"end":{"line":4,"column":38}},"loc":{"start":{"line":4,"column":63},"end":{"line":18,"column":1}},"line":4},"2":{"name":"(anonymous_2)","decl":{"start":{"line":22,"column":26},"end":{"line":22,"column":27}},"loc":{"start":{"line":22,"column":37},"end":{"line":32,"column":1}},"line":22},"3":{"name":"(anonymous_3)","decl":{"start":{"line":22,"column":37},"end":{"line":22,"column":38}},"loc":{"start":{"line":22,"column":63},"end":{"line":32,"column":1}},"line":22},"4":{"name":"(anonymous_4)","decl":{"start":{"line":36,"column":26},"end":{"line":36,"column":27}},"loc":{"start":{"line":36,"column":37},"end":{"line":46,"column":1}},"line":36},"5":{"name":"(anonymous_5)","decl":{"start":{"line":36,"column":37},"end":{"line":36,"column":38}},"loc":{"start":{"line":36,"column":63},"end":{"line":46,"column":1}},"line":36},"6":{"name":"(anonymous_6)","decl":{"start":{"line":50,"column":26},"end":{"line":50,"column":27}},"loc":{"start":{"line":50,"column":37},"end":{"line":62,"column":1}},"line":50},"7":{"name":"(anonymous_7)","decl":{"start":{"line":50,"column":37},"end":{"line":50,"column":38}},"loc":{"start":{"line":50,"column":63},"end":{"line":62,"column":1}},"line":50},"8":{"name":"(anonymous_8)","decl":{"start":{"line":66,"column":26},"end":{"line":66,"column":27}},"loc":{"start":{"line":66,"column":37},"end":{"line":77,"column":1}},"line":66},"9":{"name":"(anonymous_9)","decl":{"start":{"line":66,"column":37},"end":{"line":66,"column":38}},"loc":{"start":{"line":66,"column":63},"end":{"line":77,"column":1}},"line":66}},"branchMap":{"0":{"loc":{"start":{"line":7,"column":4},"end":{"line":13,"column":5}},"type":"if","locations":[{"start":{"line":7,"column":4},"end":{"line":13,"column":5}},{"start":{},"end":{}}],"line":7},"1":{"loc":{"start":{"line":25,"column":4},"end":{"line":27,"column":5}},"type":"if","locations":[{"start":{"line":25,"column":4},"end":{"line":27,"column":5}},{"start":{},"end":{}}],"line":25},"2":{"loc":{"start":{"line":39,"column":4},"end":{"line":41,"column":5}},"type":"if","locations":[{"start":{"line":39,"column":4},"end":{"line":41,"column":5}},{"start":{},"end":{}}],"line":39},"3":{"loc":{"start":{"line":55,"column":4},"end":{"line":57,"column":5}},"type":"if","locations":[{"start":{"line":55,"column":4},"end":{"line":57,"column":5}},{"start":{},"end":{}}],"line":55},"4":{"loc":{"start":{"line":70,"column":4},"end":{"line":72,"column":5}},"type":"if","locations":[{"start":{"line":70,"column":4},"end":{"line":72,"column":5}},{"start":{},"end":{}}],"line":70}},"s":{"0":2,"1":2,"2":2,"3":2,"4":2,"5":0,"6":2,"7":0,"8":2,"9":2,"10":0,"11":0,"12":0,"13":0,"14":0,"15":0,"16":2,"17":2,"18":0,"19":0,"20":0,"21":0,"22":0,"23":0,"24":2,"25":2,"26":0,"27":0,"28":0,"29":0,"30":0,"31":0,"32":2,"33":2,"34":0,"35":0,"36":0,"37":0,"38":0,"39":0},"f":{"0":2,"1":2,"2":2,"3":0,"4":2,"5":0,"6":2,"7":0,"8":2,"9":0},"b":{"0":[0,2],"1":[0,0],"2":[0,0],"3":[0,0],"4":[0,0]},"_coverageSchema":"1a1c01bbd47fc00a2c39e90264f33305004495a9","hash":"f0082bf52c08efbf12490c1b37d19c811bb4c2ca"}
,"E:\\mybrand(backend)\\src\\db\\model\\blog.js": {"path":"E:\\mybrand(backend)\\src\\db\\model\\blog.js","statementMap":{"0":{"start":{"line":2,"column":15},"end":{"line":39,"column":1}}},"fnMap":{},"branchMap":{},"s":{"0":2},"f":{},"b":{},"_coverageSchema":"1a1c01bbd47fc00a2c39e90264f33305004495a9","hash":"a99e5a5c820261214133da0cd799795601f6b9dc"}
,"E:\\mybrand(backend)\\src\\db\\model\\user.js": {"path":"E:\\mybrand(backend)\\src\\db\\model\\user.js","statementMap":{"0":{"start":{"line":3,"column":15},"end":{"line":22,"column":1}}},"fnMap":{},"branchMap":{},"s":{"0":2},"f":{},"b":{},"_coverageSchema":"1a1c01bbd47fc00a2c39e90264f33305004495a9","hash":"2dedf71b6d01fd48f30b8356b307d2f6e6e31d05"}
,"E:\\mybrand(backend)\\src\\documentation\\indexDoc.js": {"path":"E:\\mybrand(backend)\\src\\documentation\\indexDoc.js","statementMap":{"0":{"start":{"line":1,"column":19},"end":{"line":1,"column":37}},"1":{"start":{"line":2,"column":25},"end":{"line":2,"column":54}},"2":{"start":{"line":4,"column":18},"end":{"line":4,"column":26}},"3":{"start":{"line":7,"column":0},"end":{"line":7,"column":16}},"4":{"start":{"line":10,"column":16},"end":{"line":648,"column":1}},"5":{"start":{"line":650,"column":0},"end":{"line":650,"column":42}},"6":{"start":{"line":652,"column":0},"end":{"line":652,"column":27}}},"fnMap":{},"branchMap":{},"s":{"0":2,"1":2,"2":2,"3":2,"4":2,"5":2,"6":2},"f":{},"b":{},"_coverageSchema":"1a1c01bbd47fc00a2c39e90264f33305004495a9","hash":"e07318f73f99207904e032c35487c8ab640c4565"}
,"E:\\mybrand(backend)\\src\\helper\\photoupload.js": {"path":"E:\\mybrand(backend)\\src\\helper\\photoupload.js","statementMap":{"0":{"start":{"line":2,"column":21},"end":{"line":14,"column":1}},"1":{"start":{"line":3,"column":2},"end":{"line":13,"column":3}},"2":{"start":{"line":4,"column":16},"end":{"line":4,"column":44}},"3":{"start":{"line":5,"column":19},"end":{"line":9,"column":5}},"4":{"start":{"line":8,"column":21},"end":{"line":8,"column":27}},"5":{"start":{"line":10,"column":4},"end":{"line":10,"column":18}},"6":{"start":{"line":12,"column":4},"end":{"line":12,"column":23}},"7":{"start":{"line":16,"column":0},"end":{"line":16,"column":30}}},"fnMap":{"0":{"name":"(anonymous_0)","decl":{"start":{"line":2,"column":21},"end":{"line":2,"column":22}},"loc":{"start":{"line":2,"column":36},"end":{"line":14,"column":1}},"line":2},"1":{"name":"(anonymous_1)","decl":{"start":{"line":8,"column":6},"end":{"line":8,"column":7}},"loc":{"start":{"line":8,"column":21},"end":{"line":8,"column":27}},"line":8}},"branchMap":{},"s":{"0":2,"1":1,"2":1,"3":1,"4":0,"5":1,"6":0,"7":2},"f":{"0":1,"1":0},"b":{},"_coverageSchema":"1a1c01bbd47fc00a2c39e90264f33305004495a9","hash":"e7e768bb38a997e413eeb080ae06a8d527b3167e"}
,"E:\\mybrand(backend)\\src\\helper\\validation.js": {"path":"E:\\mybrand(backend)\\src\\helper\\validation.js","statementMap":{"0":{"start":{"line":3,"column":22},"end":{"line":6,"column":2}},"1":{"start":{"line":8,"column":0},"end":{"line":10,"column":2}}},"fnMap":{},"branchMap":{},"s":{"0":2,"1":2},"f":{},"b":{},"_coverageSchema":"1a1c01bbd47fc00a2c39e90264f33305004495a9","hash":"a02a3302afb066221414c03326a007d02c6a2a3b"}
,"E:\\mybrand(backend)\\src\\middleware\\checkUserExit.js": {"path":"E:\\mybrand(backend)\\src\\middleware\\checkUserExit.js","statementMap":{"0":{"start":{"line":6,"column":25},"end":{"line":14,"column":1}},"1":{"start":{"line":7,"column":27},"end":{"line":7,"column":35}},"2":{"start":{"line":8,"column":17},"end":{"line":8,"column":49}},"3":{"start":{"line":9,"column":4},"end":{"line":12,"column":5}},"4":{"start":{"line":10,"column":8},"end":{"line":10,"column":51}},"5":{"start":{"line":11,"column":8},"end":{"line":11,"column":22}},"6":{"start":{"line":13,"column":4},"end":{"line":13,"column":80}},"7":{"start":{"line":15,"column":25},"end":{"line":34,"column":1}},"8":{"start":{"line":16,"column":27},"end":{"line":16,"column":35}},"9":{"start":{"line":17,"column":17},"end":{"line":17,"column":49}},"10":{"start":{"line":18,"column":4},"end":{"line":20,"column":5}},"11":{"start":{"line":19,"column":8},"end":{"line":19,"column":81}},"12":{"start":{"line":21,"column":4},"end":{"line":31,"column":5}},"13":{"start":{"line":22,"column":8},"end":{"line":22,"column":29}},"14":{"start":{"line":23,"column":22},"end":{"line":23,"column":43}},"15":{"start":{"line":24,"column":8},"end":{"line":29,"column":14}},"16":{"start":{"line":32,"column":0},"end":{"line":32,"column":83}}},"fnMap":{"0":{"name":"(anonymous_0)","decl":{"start":{"line":6,"column":25},"end":{"line":6,"column":26}},"loc":{"start":{"line":6,"column":46},"end":{"line":14,"column":1}},"line":6},"1":{"name":"(anonymous_1)","decl":{"start":{"line":15,"column":25},"end":{"line":15,"column":26}},"loc":{"start":{"line":15,"column":41},"end":{"line":34,"column":1}},"line":15}},"branchMap":{"0":{"loc":{"start":{"line":9,"column":4},"end":{"line":12,"column":5}},"type":"if","locations":[{"start":{"line":9,"column":4},"end":{"line":12,"column":5}},{"start":{},"end":{}}],"line":9},"1":{"loc":{"start":{"line":18,"column":4},"end":{"line":20,"column":5}},"type":"if","locations":[{"start":{"line":18,"column":4},"end":{"line":20,"column":5}},{"start":{},"end":{}}],"line":18},"2":{"loc":{"start":{"line":21,"column":4},"end":{"line":31,"column":5}},"type":"if","locations":[{"start":{"line":21,"column":4},"end":{"line":31,"column":5}},{"start":{},"end":{}}],"line":21}},"s":{"0":2,"1":2,"2":2,"3":2,"4":2,"5":2,"6":0,"7":2,"8":6,"9":6,"10":6,"11":0,"12":6,"13":6,"14":6,"15":6,"16":0},"f":{"0":2,"1":6},"b":{"0":[2,0],"1":[0,6],"2":[6,0]},"_coverageSchema":"1a1c01bbd47fc00a2c39e90264f33305004495a9","hash":"1e397d2f2f5c5572683bdfe9ab973565cf48510b"}
,"E:\\mybrand(backend)\\src\\middleware\\token.js": {"path":"E:\\mybrand(backend)\\src\\middleware\\token.js","statementMap":{"0":{"start":{"line":4,"column":28},"end":{"line":6,"column":1}},"1":{"start":{"line":5,"column":0},"end":{"line":5,"column":62}},"2":{"start":{"line":7,"column":26},"end":{"line":10,"column":1}},"3":{"start":{"line":8,"column":4},"end":{"line":8,"column":49}}},"fnMap":{"0":{"name":"(anonymous_0)","decl":{"start":{"line":4,"column":28},"end":{"line":4,"column":29}},"loc":{"start":{"line":4,"column":36},"end":{"line":6,"column":1}},"line":4},"1":{"name":"(anonymous_1)","decl":{"start":{"line":7,"column":26},"end":{"line":7,"column":27}},"loc":{"start":{"line":7,"column":35},"end":{"line":10,"column":1}},"line":7}},"branchMap":{},"s":{"0":2,"1":6,"2":2,"3":0},"f":{"0":6,"1":0},"b":{},"_coverageSchema":"1a1c01bbd47fc00a2c39e90264f33305004495a9","hash":"edc825dcd5e24e458f9d4acbf647a3625419a505"}
,"E:\\mybrand(backend)\\src\\middleware\\veryfyToken.js": {"path":"E:\\mybrand(backend)\\src\\middleware\\veryfyToken.js","statementMap":{"0":{"start":{"line":1,"column":12},"end":{"line":1,"column":35}},"1":{"start":{"line":2,"column":21},"end":{"line":2,"column":53}},"2":{"start":{"line":4,"column":16},"end":{"line":27,"column":2}},"3":{"start":{"line":6,"column":2},"end":{"line":23,"column":3}},"4":{"start":{"line":10,"column":4},"end":{"line":22,"column":5}},"5":{"start":{"line":12,"column":6},"end":{"line":12,"column":54}},"6":{"start":{"line":14,"column":22},"end":{"line":14,"column":65}},"7":{"start":{"line":15,"column":6},"end":{"line":17,"column":29}},"8":{"start":{"line":18,"column":6},"end":{"line":18,"column":13}},"9":{"start":{"line":20,"column":6},"end":{"line":20,"column":25}},"10":{"start":{"line":21,"column":6},"end":{"line":21,"column":58}},"11":{"start":{"line":24,"column":2},"end":{"line":26,"column":3}},"12":{"start":{"line":25,"column":4},"end":{"line":25,"column":66}},"13":{"start":{"line":28,"column":0},"end":{"line":28,"column":29}}},"fnMap":{"0":{"name":"(anonymous_0)","decl":{"start":{"line":4,"column":29},"end":{"line":4,"column":30}},"loc":{"start":{"line":4,"column":55},"end":{"line":27,"column":1}},"line":4}},"branchMap":{"0":{"loc":{"start":{"line":6,"column":2},"end":{"line":23,"column":3}},"type":"if","locations":[{"start":{"line":6,"column":2},"end":{"line":23,"column":3}},{"start":{},"end":{}}],"line":6},"1":{"loc":{"start":{"line":7,"column":4},"end":{"line":8,"column":50}},"type":"binary-expr","locations":[{"start":{"line":7,"column":4},"end":{"line":7,"column":29}},{"start":{"line":8,"column":4},"end":{"line":8,"column":50}}],"line":7},"2":{"loc":{"start":{"line":24,"column":2},"end":{"line":26,"column":3}},"type":"if","locations":[{"start":{"line":24,"column":2},"end":{"line":26,"column":3}},{"start":{},"end":{}}],"line":24}},"s":{"0":2,"1":2,"2":2,"3":6,"4":6,"5":6,"6":6,"7":6,"8":6,"9":0,"10":0,"11":6,"12":0,"13":2},"f":{"0":6},"b":{"0":[6,0],"1":[6,6],"2":[0,6]},"_coverageSchema":"1a1c01bbd47fc00a2c39e90264f33305004495a9","hash":"9655d420fc4200aed3b1052277dfd42669c48141"}
,"E:\\mybrand(backend)\\src\\routers\\index.js": {"path":"E:\\mybrand(backend)\\src\\routers\\index.js","statementMap":{"0":{"start":{"line":11,"column":15},"end":{"line":11,"column":23}},"1":{"start":{"line":13,"column":0},"end":{"line":13,"column":61}},"2":{"start":{"line":14,"column":0},"end":{"line":14,"column":70}},"3":{"start":{"line":15,"column":0},"end":{"line":15,"column":38}},"4":{"start":{"line":16,"column":0},"end":{"line":16,"column":65}},"5":{"start":{"line":17,"column":0},"end":{"line":17,"column":66}},"6":{"start":{"line":18,"column":0},"end":{"line":18,"column":63}},"7":{"start":{"line":22,"column":0},"end":{"line":22,"column":67}},"8":{"start":{"line":23,"column":0},"end":{"line":23,"column":53}},"9":{"start":{"line":24,"column":0},"end":{"line":24,"column":52}},"10":{"start":{"line":25,"column":0},"end":{"line":25,"column":70}},"11":{"start":{"line":26,"column":0},"end":{"line":26,"column":64}},"12":{"start":{"line":27,"column":0},"end":{"line":27,"column":71}},"13":{"start":{"line":28,"column":0},"end":{"line":28,"column":60}},"14":{"start":{"line":30,"column":0},"end":{"line":30,"column":59}},"15":{"start":{"line":31,"column":0},"end":{"line":31,"column":58}}},"fnMap":{},"branchMap":{},"s":{"0":2,"1":2,"2":2,"3":2,"4":2,"5":2,"6":2,"7":2,"8":2,"9":2,"10":2,"11":2,"12":2,"13":2,"14":2,"15":2},"f":{},"b":{},"_coverageSchema":"1a1c01bbd47fc00a2c39e90264f33305004495a9","hash":"4cd900bae35304ce06e0b884036f5643cd33fc6a"}
,"E:\\mybrand(backend)\\src\\services\\blogServices.js": {"path":"E:\\mybrand(backend)\\src\\services\\blogServices.js","statementMap":{"0":{"start":{"line":4,"column":34},"end":{"line":4,"column":46}},"1":{"start":{"line":5,"column":33},"end":{"line":5,"column":45}},"2":{"start":{"line":6,"column":30},"end":{"line":6,"column":42}},"3":{"start":{"line":7,"column":29},"end":{"line":7,"column":44}},"4":{"start":{"line":8,"column":26},"end":{"line":8,"column":38}}},"fnMap":{},"branchMap":{},"s":{"0":2,"1":2,"2":2,"3":2,"4":2},"f":{},"b":{},"_coverageSchema":"1a1c01bbd47fc00a2c39e90264f33305004495a9","hash":"02fde995a4d3d372b2b77284ed37c2848bc8a8d8"}
,"E:\\mybrand(backend)\\src\\services\\userServices.js": {"path":"E:\\mybrand(backend)\\src\\services\\userServices.js","statementMap":{"0":{"start":{"line":3,"column":33},"end":{"line":3,"column":49}},"1":{"start":{"line":4,"column":33},"end":{"line":4,"column":49}},"2":{"start":{"line":5,"column":33},"end":{"line":5,"column":49}},"3":{"start":{"line":6,"column":33},"end":{"line":6,"column":49}},"4":{"start":{"line":7,"column":33},"end":{"line":7,"column":49}}},"fnMap":{},"branchMap":{},"s":{"0":2,"1":2,"2":2,"3":2,"4":2},"f":{},"b":{},"_coverageSchema":"1a1c01bbd47fc00a2c39e90264f33305004495a9","hash":"7eebf21d5db8813910e8a3edf0ff1427f6eb61d4"}
,"E:\\mybrand(backend)\\src\\utilis\\hashedPassword.js": {"path":"E:\\mybrand(backend)\\src\\utilis\\hashedPassword.js","statementMap":{"0":{"start":{"line":4,"column":28},"end":{"line":6,"column":1}},"1":{"start":{"line":5,"column":2},"end":{"line":5,"column":39}},"2":{"start":{"line":8,"column":34},"end":{"line":10,"column":1}},"3":{"start":{"line":9,"column":2},"end":{"line":9,"column":54}}},"fnMap":{"0":{"name":"(anonymous_0)","decl":{"start":{"line":4,"column":28},"end":{"line":4,"column":29}},"loc":{"start":{"line":4,"column":42},"end":{"line":6,"column":1}},"line":4},"1":{"name":"(anonymous_1)","decl":{"start":{"line":8,"column":34},"end":{"line":8,"column":35}},"loc":{"start":{"line":8,"column":64},"end":{"line":10,"column":1}},"line":8}},"branchMap":{},"s":{"0":2,"1":2,"2":2,"3":6},"f":{"0":2,"1":6},"b":{},"_coverageSchema":"1a1c01bbd47fc00a2c39e90264f33305004495a9","hash":"600d04f48792e9d58d7514b5c6bcf48fcf188438"}
,"E:\\mybrand(backend)\\src\\utilis\\response.js": {"path":"E:\\mybrand(backend)\\src\\utilis\\response.js","statementMap":{"0":{"start":{"line":3,"column":6},"end":{"line":9,"column":10}},"1":{"start":{"line":13,"column":6},"end":{"line":16,"column":9}}},"fnMap":{"0":{"name":"(anonymous_0)","decl":{"start":{"line":2,"column":4},"end":{"line":2,"column":5}},"loc":{"start":{"line":2,"column":61},"end":{"line":10,"column":5}},"line":2},"1":{"name":"(anonymous_1)","decl":{"start":{"line":12,"column":4},"end":{"line":12,"column":5}},"loc":{"start":{"line":12,"column":44},"end":{"line":17,"column":5}},"line":12}},"branchMap":{"0":{"loc":{"start":{"line":2,"column":40},"end":{"line":2,"column":51}},"type":"default-arg","locations":[{"start":{"line":2,"column":47},"end":{"line":2,"column":51}}],"line":2},"1":{"loc":{"start":{"line":6,"column":10},"end":{"line":8,"column":33}},"type":"cond-expr","locations":[{"start":{"line":7,"column":14},"end":{"line":7,"column":60}},{"start":{"line":8,"column":14},"end":{"line":8,"column":33}}],"line":6}},"s":{"0":19,"1":0},"f":{"0":19,"1":0},"b":{"0":[0],"1":[19,0]},"_coverageSchema":"1a1c01bbd47fc00a2c39e90264f33305004495a9","hash":"250215d4897805101c9c2e7357c2a2e24680e765"}
}
