TN:
SF:src\server.js
FN:20,(anonymous_0)
FN:25,(anonymous_1)
FNF:2
FNH:1
FNDA:2,(anonymous_0)
FNDA:0,(anonymous_1)
DA:9,2
DA:10,2
DA:11,2
DA:13,2
DA:14,2
DA:15,2
DA:17,2
DA:18,2
DA:21,2
DA:23,2
DA:24,2
DA:25,0
DA:26,0
LF:13
LH:11
BRDA:23,0,0,2
BRDA:23,0,1,0
BRDA:24,1,0,0
BRDA:24,1,1,2
BRF:4
BRH:2
end_of_record
TN:
SF:src\config\claudinary.js
FNF:0
FNH:0
DA:1,2
DA:3,2
DA:9,2
LF:3
LH:3
BRF:0
BRH:0
end_of_record
TN:
SF:src\controllers\blogController.js
FN:15,(anonymous_0)
FN:15,(anonymous_1)
FN:49,(anonymous_2)
FN:49,(anonymous_3)
FN:61,(anonymous_4)
FN:61,(anonymous_5)
FN:75,(anonymous_6)
FN:75,(anonymous_7)
FN:91,(anonymous_8)
FN:91,(anonymous_9)
FN:103,(anonymous_10)
FN:109,(anonymous_11)
FN:119,(anonymous_12)
FN:124,(anonymous_13)
FN:125,(anonymous_14)
FN:128,(anonymous_15)
FN:132,(anonymous_16)
FN:141,(anonymous_17)
FN:144,(anonymous_18)
FN:146,(anonymous_19)
FN:153,(anonymous_20)
FN:154,(anonymous_21)
FN:158,(anonymous_22)
FNF:23
FNH:17
FNDA:2,(anonymous_0)
FNDA:2,(anonymous_1)
FNDA:2,(anonymous_2)
FNDA:6,(anonymous_3)
FNDA:2,(anonymous_4)
FNDA:1,(anonymous_5)
FNDA:2,(anonymous_6)
FNDA:1,(anonymous_7)
FNDA:2,(anonymous_8)
FNDA:1,(anonymous_9)
FNDA:1,(anonymous_10)
FNDA:1,(anonymous_11)
FNDA:1,(anonymous_12)
FNDA:1,(anonymous_13)
FNDA:0,(anonymous_14)
FNDA:0,(anonymous_15)
FNDA:1,(anonymous_16)
FNDA:1,(anonymous_17)
FNDA:0,(anonymous_18)
FNDA:0,(anonymous_19)
FNDA:1,(anonymous_20)
FNDA:0,(anonymous_21)
FNDA:0,(anonymous_22)
DA:8,2
DA:9,2
DA:10,2
DA:11,2
DA:13,2
DA:15,2
DA:16,2
DA:17,2
DA:18,2
DA:19,2
DA:20,2
DA:21,2
DA:22,1
DA:23,1
DA:24,1
DA:26,2
DA:28,2
DA:29,0
DA:35,2
DA:42,0
DA:45,0
DA:49,2
DA:50,6
DA:51,6
DA:52,6
DA:53,0
DA:55,6
DA:57,0
DA:61,2
DA:62,1
DA:63,1
DA:64,1
DA:65,0
DA:67,1
DA:69,0
DA:75,2
DA:76,1
DA:77,1
DA:80,1
DA:81,0
DA:83,1
DA:85,0
DA:91,2
DA:92,1
DA:93,1
DA:94,1
DA:95,0
DA:97,1
DA:99,0
DA:103,2
DA:104,1
DA:105,1
DA:107,1
DA:111,1
DA:117,1
DA:120,1
DA:121,1
DA:122,1
DA:124,1
DA:125,0
DA:126,0
DA:128,0
DA:132,2
DA:133,1
DA:134,1
DA:136,1
DA:140,1
DA:142,1
DA:144,1
DA:145,1
DA:146,0
DA:150,1
DA:152,1
DA:153,1
DA:154,0
DA:156,0
DA:158,0
LF:77
LH:59
BRDA:19,0,0,2
BRDA:19,0,1,0
BRDA:21,1,0,1
BRDA:21,1,1,1
BRDA:28,2,0,0
BRDA:28,2,1,2
BRDA:52,3,0,0
BRDA:52,3,1,6
BRDA:64,4,0,0
BRDA:64,4,1,1
BRDA:80,5,0,0
BRDA:80,5,1,1
BRDA:94,6,0,0
BRDA:94,6,1,1
BRDA:120,7,0,1
BRDA:120,7,1,0
BRDA:142,8,0,1
BRDA:142,8,1,0
BRDA:145,9,0,0
BRDA:145,9,1,1
BRF:20
BRH:11
end_of_record
TN:
SF:src\controllers\messageController.js
FN:4,(anonymous_0)
FN:4,(anonymous_1)
FN:20,(anonymous_2)
FN:20,(anonymous_3)
FNF:4
FNH:0
FNDA:0,(anonymous_0)
FNDA:0,(anonymous_1)
FNDA:0,(anonymous_2)
FNDA:0,(anonymous_3)
DA:4,2
DA:5,0
DA:6,0
DA:7,0
DA:8,0
DA:10,0
DA:13,0
DA:20,2
DA:21,0
DA:22,0
DA:23,0
DA:25,0
LF:12
LH:2
BRDA:7,0,0,0
BRDA:7,0,1,0
BRDA:22,1,0,0
BRDA:22,1,1,0
BRF:4
BRH:0
end_of_record
TN:
SF:src\controllers\userController.js
FN:4,(anonymous_0)
FN:4,(anonymous_1)
FN:22,(anonymous_2)
FN:22,(anonymous_3)
FN:36,(anonymous_4)
FN:36,(anonymous_5)
FN:50,(anonymous_6)
FN:50,(anonymous_7)
FN:66,(anonymous_8)
FN:66,(anonymous_9)
FNF:10
FNH:6
FNDA:2,(anonymous_0)
FNDA:2,(anonymous_1)
FNDA:2,(anonymous_2)
FNDA:0,(anonymous_3)
FNDA:2,(anonymous_4)
FNDA:0,(anonymous_5)
FNDA:2,(anonymous_6)
FNDA:0,(anonymous_7)
FNDA:2,(anonymous_8)
FNDA:0,(anonymous_9)
DA:4,2
DA:5,2
DA:6,2
DA:7,2
DA:8,0
DA:14,2
DA:16,0
DA:22,2
DA:23,0
DA:24,0
DA:25,0
DA:26,0
DA:28,0
DA:30,0
DA:36,2
DA:37,0
DA:38,0
DA:39,0
DA:40,0
DA:42,0
DA:44,0
DA:50,2
DA:51,0
DA:52,0
DA:55,0
DA:56,0
DA:58,0
DA:60,0
DA:66,2
DA:67,0
DA:68,0
DA:70,0
DA:71,0
DA:73,0
DA:75,0
LF:35
LH:9
BRDA:7,0,0,0
BRDA:7,0,1,2
BRDA:25,1,0,0
BRDA:25,1,1,0
BRDA:39,2,0,0
BRDA:39,2,1,0
BRDA:55,3,0,0
BRDA:55,3,1,0
BRDA:70,4,0,0
BRDA:70,4,1,0
BRF:10
BRH:1
end_of_record
TN:
SF:src\db\model\blog.js
FNF:0
FNH:0
DA:2,2
LF:1
LH:1
BRF:0
BRH:0
end_of_record
TN:
SF:src\db\model\user.js
FNF:0
FNH:0
DA:3,2
LF:1
LH:1
BRF:0
BRH:0
end_of_record
TN:
SF:src\documentation\indexDoc.js
FNF:0
FNH:0
DA:1,2
DA:2,2
DA:4,2
DA:7,2
DA:10,2
DA:650,2
DA:652,2
LF:7
LH:7
BRF:0
BRH:0
end_of_record
TN:
SF:src\helper\photoupload.js
FN:2,(anonymous_0)
FN:8,(anonymous_1)
FNF:2
FNH:1
FNDA:1,(anonymous_0)
FNDA:0,(anonymous_1)
DA:2,2
DA:3,1
DA:4,1
DA:5,1
DA:8,0
DA:10,1
DA:12,0
DA:16,2
LF:8
LH:6
BRF:0
BRH:0
end_of_record
TN:
SF:src\helper\validation.js
FNF:0
FNH:0
DA:3,2
DA:8,2
LF:2
LH:2
BRF:0
BRH:0
end_of_record
TN:
SF:src\middleware\checkUserExit.js
FN:6,(anonymous_0)
FN:15,(anonymous_1)
FNF:2
FNH:2
FNDA:2,(anonymous_0)
FNDA:6,(anonymous_1)
DA:6,2
DA:7,2
DA:8,2
DA:9,2
DA:10,2
DA:11,2
DA:13,0
DA:15,2
DA:16,6
DA:17,6
DA:18,6
DA:19,0
DA:21,6
DA:22,6
DA:23,6
DA:24,6
DA:32,0
LF:17
LH:14
BRDA:9,0,0,2
BRDA:9,0,1,0
BRDA:18,1,0,0
BRDA:18,1,1,6
BRDA:21,2,0,6
BRDA:21,2,1,0
BRF:6
BRH:3
end_of_record
TN:
SF:src\middleware\token.js
FN:4,(anonymous_0)
FN:7,(anonymous_1)
FNF:2
FNH:1
FNDA:6,(anonymous_0)
FNDA:0,(anonymous_1)
DA:4,2
DA:5,6
DA:7,2
DA:8,0
LF:4
LH:3
BRF:0
BRH:0
end_of_record
TN:
SF:src\middleware\veryfyToken.js
FN:4,(anonymous_0)
FNF:1
FNH:1
FNDA:6,(anonymous_0)
DA:1,2
DA:2,2
DA:4,2
DA:6,6
DA:10,6
DA:12,6
DA:14,6
DA:15,6
DA:18,6
DA:20,0
DA:21,0
DA:24,6
DA:25,0
DA:28,2
LF:14
LH:11
BRDA:6,0,0,6
BRDA:6,0,1,0
BRDA:7,1,0,6
BRDA:7,1,1,6
BRDA:24,2,0,0
BRDA:24,2,1,6
BRF:6
BRH:4
end_of_record
TN:
SF:src\routers\index.js
FNF:0
FNH:0
DA:11,2
DA:13,2
DA:14,2
DA:15,2
DA:16,2
DA:17,2
DA:18,2
DA:22,2
DA:23,2
DA:24,2
DA:25,2
DA:26,2
DA:27,2
DA:28,2
DA:30,2
DA:31,2
LF:16
LH:16
BRF:0
BRH:0
end_of_record
TN:
SF:src\services\blogServices.js
FNF:0
FNH:0
DA:4,2
DA:5,2
DA:6,2
DA:7,2
DA:8,2
LF:5
LH:5
BRF:0
BRH:0
end_of_record
TN:
SF:src\services\userServices.js
FNF:0
FNH:0
DA:3,2
DA:4,2
DA:5,2
DA:6,2
DA:7,2
LF:5
LH:5
BRF:0
BRH:0
end_of_record
TN:
SF:src\utilis\hashedPassword.js
FN:4,(anonymous_0)
FN:8,(anonymous_1)
FNF:2
FNH:2
FNDA:2,(anonymous_0)
FNDA:6,(anonymous_1)
DA:4,2
DA:5,2
DA:8,2
DA:9,6
LF:4
LH:4
BRF:0
BRH:0
end_of_record
TN:
SF:src\utilis\response.js
FN:2,(anonymous_0)
FN:12,(anonymous_1)
FNF:2
FNH:1
FNDA:19,(anonymous_0)
FNDA:0,(anonymous_1)
DA:3,19
DA:13,0
LF:2
LH:1
BRDA:2,0,0,0
BRDA:6,1,0,19
BRDA:6,1,1,0
BRF:3
BRH:1
end_of_record
